

Started GET "/" for 127.0.0.1 at 2012-11-02 11:26:54 -0500
Connecting to database specified by database.yml

ActiveRecord::ConnectionNotEstablished (ActiveRecord::ConnectionNotEstablished):
  activerecord (3.2.8) lib/active_record/connection_adapters/abstract/connection_pool.rb:404:in `retrieve_connection'
  activerecord (3.2.8) lib/active_record/connection_adapters/abstract/connection_specification.rb:170:in `retrieve_connection'
  activerecord (3.2.8) lib/active_record/connection_adapters/abstract/connection_specification.rb:144:in `connection'
  activerecord (3.2.8) lib/active_record/query_cache.rb:67:in `rescue in call'
  activerecord (3.2.8) lib/active_record/query_cache.rb:61:in `call'
  activerecord (3.2.8) lib/active_record/connection_adapters/abstract/connection_pool.rb:473:in `call'
  actionpack (3.2.8) lib/action_dispatch/middleware/callbacks.rb:28:in `block in call'
  activesupport (3.2.8) lib/active_support/callbacks.rb:405:in `_run__3071661886977302944__call__3385467237500963359__callbacks'
  activesupport (3.2.8) lib/active_support/callbacks.rb:405:in `__run_callback'
  activesupport (3.2.8) lib/active_support/callbacks.rb:385:in `_run_call_callbacks'
  activesupport (3.2.8) lib/active_support/callbacks.rb:81:in `run_callbacks'
  actionpack (3.2.8) lib/action_dispatch/middleware/callbacks.rb:27:in `call'
  actionpack (3.2.8) lib/action_dispatch/middleware/reloader.rb:65:in `call'
  actionpack (3.2.8) lib/action_dispatch/middleware/remote_ip.rb:31:in `call'
  actionpack (3.2.8) lib/action_dispatch/middleware/debug_exceptions.rb:16:in `call'
  actionpack (3.2.8) lib/action_dispatch/middleware/show_exceptions.rb:56:in `call'
  railties (3.2.8) lib/rails/rack/logger.rb:26:in `call_app'
  railties (3.2.8) lib/rails/rack/logger.rb:16:in `call'
  actionpack (3.2.8) lib/action_dispatch/middleware/request_id.rb:22:in `call'
  rack (1.4.1) lib/rack/methodoverride.rb:21:in `call'
  rack (1.4.1) lib/rack/runtime.rb:17:in `call'
  activesupport (3.2.8) lib/active_support/cache/strategy/local_cache.rb:72:in `call'
  rack (1.4.1) lib/rack/lock.rb:15:in `call'
  actionpack (3.2.8) lib/action_dispatch/middleware/static.rb:62:in `call'
  railties (3.2.8) lib/rails/engine.rb:479:in `call'
  railties (3.2.8) lib/rails/application.rb:223:in `call'
  rack (1.4.1) lib/rack/content_length.rb:14:in `call'
  railties (3.2.8) lib/rails/rack/log_tailer.rb:17:in `call'
  thin (1.5.0) lib/thin/connection.rb:81:in `block in pre_process'
  thin (1.5.0) lib/thin/connection.rb:79:in `catch'
  thin (1.5.0) lib/thin/connection.rb:79:in `pre_process'
  thin (1.5.0) lib/thin/connection.rb:54:in `process'
  thin (1.5.0) lib/thin/connection.rb:39:in `receive_data'
  eventmachine (1.0.0) lib/eventmachine.rb:187:in `run_machine'
  eventmachine (1.0.0) lib/eventmachine.rb:187:in `run'
  thin (1.5.0) lib/thin/backends/base.rb:63:in `start'
  thin (1.5.0) lib/thin/server.rb:159:in `start'
  rack (1.4.1) lib/rack/handler/thin.rb:13:in `run'
  rack (1.4.1) lib/rack/server.rb:265:in `start'
  railties (3.2.8) lib/rails/commands/server.rb:70:in `start'
  railties (3.2.8) lib/rails/commands.rb:55:in `block in <top (required)>'
  railties (3.2.8) lib/rails/commands.rb:50:in `tap'
  railties (3.2.8) lib/rails/commands.rb:50:in `<top (required)>'
  script/rails:6:in `require'
  script/rails:6:in `<main>'


  Rendered /Users/cdm/.rvm/gems/ruby-1.9.3-p194@global/gems/actionpack-3.2.8/lib/action_dispatch/middleware/templates/rescues/_trace.erb (1.4ms)
  Rendered /Users/cdm/.rvm/gems/ruby-1.9.3-p194@global/gems/actionpack-3.2.8/lib/action_dispatch/middleware/templates/rescues/_request_and_response.erb (2.5ms)
  Rendered /Users/cdm/.rvm/gems/ruby-1.9.3-p194@global/gems/actionpack-3.2.8/lib/action_dispatch/middleware/templates/rescues/diagnostics.erb within rescues/layout (11.2ms)


Started GET "/knb-auction" for 127.0.0.1 at 2012-11-02 11:27:03 -0500

ActiveRecord::ConnectionNotEstablished (ActiveRecord::ConnectionNotEstablished):
  activerecord (3.2.8) lib/active_record/connection_adapters/abstract/connection_pool.rb:404:in `retrieve_connection'
  activerecord (3.2.8) lib/active_record/connection_adapters/abstract/connection_specification.rb:170:in `retrieve_connection'
  activerecord (3.2.8) lib/active_record/connection_adapters/abstract/connection_specification.rb:144:in `connection'
  activerecord (3.2.8) lib/active_record/query_cache.rb:67:in `rescue in call'
  activerecord (3.2.8) lib/active_record/query_cache.rb:61:in `call'
  activerecord (3.2.8) lib/active_record/connection_adapters/abstract/connection_pool.rb:473:in `call'
  actionpack (3.2.8) lib/action_dispatch/middleware/callbacks.rb:28:in `block in call'
  activesupport (3.2.8) lib/active_support/callbacks.rb:405:in `_run__3071661886977302944__call__3385467237500963359__callbacks'
  activesupport (3.2.8) lib/active_support/callbacks.rb:405:in `__run_callback'
  activesupport (3.2.8) lib/active_support/callbacks.rb:385:in `_run_call_callbacks'
  activesupport (3.2.8) lib/active_support/callbacks.rb:81:in `run_callbacks'
  actionpack (3.2.8) lib/action_dispatch/middleware/callbacks.rb:27:in `call'
  actionpack (3.2.8) lib/action_dispatch/middleware/reloader.rb:65:in `call'
  actionpack (3.2.8) lib/action_dispatch/middleware/remote_ip.rb:31:in `call'
  actionpack (3.2.8) lib/action_dispatch/middleware/debug_exceptions.rb:16:in `call'
  actionpack (3.2.8) lib/action_dispatch/middleware/show_exceptions.rb:56:in `call'
  railties (3.2.8) lib/rails/rack/logger.rb:26:in `call_app'
  railties (3.2.8) lib/rails/rack/logger.rb:16:in `call'
  actionpack (3.2.8) lib/action_dispatch/middleware/request_id.rb:22:in `call'
  rack (1.4.1) lib/rack/methodoverride.rb:21:in `call'
  rack (1.4.1) lib/rack/runtime.rb:17:in `call'
  activesupport (3.2.8) lib/active_support/cache/strategy/local_cache.rb:72:in `call'
  rack (1.4.1) lib/rack/lock.rb:15:in `call'
  actionpack (3.2.8) lib/action_dispatch/middleware/static.rb:62:in `call'
  railties (3.2.8) lib/rails/engine.rb:479:in `call'
  railties (3.2.8) lib/rails/application.rb:223:in `call'
  rack (1.4.1) lib/rack/content_length.rb:14:in `call'
  railties (3.2.8) lib/rails/rack/log_tailer.rb:17:in `call'
  thin (1.5.0) lib/thin/connection.rb:81:in `block in pre_process'
  thin (1.5.0) lib/thin/connection.rb:79:in `catch'
  thin (1.5.0) lib/thin/connection.rb:79:in `pre_process'
  thin (1.5.0) lib/thin/connection.rb:54:in `process'
  thin (1.5.0) lib/thin/connection.rb:39:in `receive_data'
  eventmachine (1.0.0) lib/eventmachine.rb:187:in `run_machine'
  eventmachine (1.0.0) lib/eventmachine.rb:187:in `run'
  thin (1.5.0) lib/thin/backends/base.rb:63:in `start'
  thin (1.5.0) lib/thin/server.rb:159:in `start'
  rack (1.4.1) lib/rack/handler/thin.rb:13:in `run'
  rack (1.4.1) lib/rack/server.rb:265:in `start'
  railties (3.2.8) lib/rails/commands/server.rb:70:in `start'
  railties (3.2.8) lib/rails/commands.rb:55:in `block in <top (required)>'
  railties (3.2.8) lib/rails/commands.rb:50:in `tap'
  railties (3.2.8) lib/rails/commands.rb:50:in `<top (required)>'
  script/rails:6:in `require'
  script/rails:6:in `<main>'


  Rendered /Users/cdm/.rvm/gems/ruby-1.9.3-p194@global/gems/actionpack-3.2.8/lib/action_dispatch/middleware/templates/rescues/_trace.erb (1.0ms)
  Rendered /Users/cdm/.rvm/gems/ruby-1.9.3-p194@global/gems/actionpack-3.2.8/lib/action_dispatch/middleware/templates/rescues/_request_and_response.erb (1.2ms)
  Rendered /Users/cdm/.rvm/gems/ruby-1.9.3-p194@global/gems/actionpack-3.2.8/lib/action_dispatch/middleware/templates/rescues/diagnostics.erb within rescues/layout (8.2ms)


Started GET "/knb-auction" for 127.0.0.1 at 2012-11-02 11:28:56 -0500
Connecting to database specified by database.yml

PG::Error (FATAL:  database "knb_auction_dev" does not exist
):
  activerecord (3.2.8) lib/active_record/connection_adapters/postgresql_adapter.rb:1213:in `initialize'
  activerecord (3.2.8) lib/active_record/connection_adapters/postgresql_adapter.rb:1213:in `new'
  activerecord (3.2.8) lib/active_record/connection_adapters/postgresql_adapter.rb:1213:in `connect'
  activerecord (3.2.8) lib/active_record/connection_adapters/postgresql_adapter.rb:329:in `initialize'
  activerecord (3.2.8) lib/active_record/connection_adapters/postgresql_adapter.rb:28:in `new'
  activerecord (3.2.8) lib/active_record/connection_adapters/postgresql_adapter.rb:28:in `postgresql_connection'
  activerecord (3.2.8) lib/active_record/connection_adapters/abstract/connection_pool.rb:309:in `new_connection'
  activerecord (3.2.8) lib/active_record/connection_adapters/abstract/connection_pool.rb:319:in `checkout_new_connection'
  activerecord (3.2.8) lib/active_record/connection_adapters/abstract/connection_pool.rb:241:in `block (2 levels) in checkout'
  activerecord (3.2.8) lib/active_record/connection_adapters/abstract/connection_pool.rb:236:in `loop'
  activerecord (3.2.8) lib/active_record/connection_adapters/abstract/connection_pool.rb:236:in `block in checkout'
  /Users/cdm/.rvm/rubies/ruby-1.9.3-p194/lib/ruby/1.9.1/monitor.rb:211:in `mon_synchronize'
  activerecord (3.2.8) lib/active_record/connection_adapters/abstract/connection_pool.rb:233:in `checkout'
  activerecord (3.2.8) lib/active_record/connection_adapters/abstract/connection_pool.rb:96:in `block in connection'
  /Users/cdm/.rvm/rubies/ruby-1.9.3-p194/lib/ruby/1.9.1/monitor.rb:211:in `mon_synchronize'
  activerecord (3.2.8) lib/active_record/connection_adapters/abstract/connection_pool.rb:95:in `connection'
  activerecord (3.2.8) lib/active_record/connection_adapters/abstract/connection_pool.rb:404:in `retrieve_connection'
  activerecord (3.2.8) lib/active_record/connection_adapters/abstract/connection_specification.rb:170:in `retrieve_connection'
  activerecord (3.2.8) lib/active_record/connection_adapters/abstract/connection_specification.rb:144:in `connection'
  activerecord (3.2.8) lib/active_record/query_cache.rb:67:in `rescue in call'
  activerecord (3.2.8) lib/active_record/query_cache.rb:61:in `call'
  activerecord (3.2.8) lib/active_record/connection_adapters/abstract/connection_pool.rb:473:in `call'
  actionpack (3.2.8) lib/action_dispatch/middleware/callbacks.rb:28:in `block in call'
  activesupport (3.2.8) lib/active_support/callbacks.rb:405:in `_run__2358337325549977667__call__2083540934331024295__callbacks'
  activesupport (3.2.8) lib/active_support/callbacks.rb:405:in `__run_callback'
  activesupport (3.2.8) lib/active_support/callbacks.rb:385:in `_run_call_callbacks'
  activesupport (3.2.8) lib/active_support/callbacks.rb:81:in `run_callbacks'
  actionpack (3.2.8) lib/action_dispatch/middleware/callbacks.rb:27:in `call'
  actionpack (3.2.8) lib/action_dispatch/middleware/reloader.rb:65:in `call'
  actionpack (3.2.8) lib/action_dispatch/middleware/remote_ip.rb:31:in `call'
  actionpack (3.2.8) lib/action_dispatch/middleware/debug_exceptions.rb:16:in `call'
  actionpack (3.2.8) lib/action_dispatch/middleware/show_exceptions.rb:56:in `call'
  railties (3.2.8) lib/rails/rack/logger.rb:26:in `call_app'
  railties (3.2.8) lib/rails/rack/logger.rb:16:in `call'
  actionpack (3.2.8) lib/action_dispatch/middleware/request_id.rb:22:in `call'
  rack (1.4.1) lib/rack/methodoverride.rb:21:in `call'
  rack (1.4.1) lib/rack/runtime.rb:17:in `call'
  activesupport (3.2.8) lib/active_support/cache/strategy/local_cache.rb:72:in `call'
  rack (1.4.1) lib/rack/lock.rb:15:in `call'
  actionpack (3.2.8) lib/action_dispatch/middleware/static.rb:62:in `call'
  railties (3.2.8) lib/rails/engine.rb:479:in `call'
  railties (3.2.8) lib/rails/application.rb:223:in `call'
  rack (1.4.1) lib/rack/content_length.rb:14:in `call'
  railties (3.2.8) lib/rails/rack/log_tailer.rb:17:in `call'
  thin (1.5.0) lib/thin/connection.rb:81:in `block in pre_process'
  thin (1.5.0) lib/thin/connection.rb:79:in `catch'
  thin (1.5.0) lib/thin/connection.rb:79:in `pre_process'
  thin (1.5.0) lib/thin/connection.rb:54:in `process'
  thin (1.5.0) lib/thin/connection.rb:39:in `receive_data'
  eventmachine (1.0.0) lib/eventmachine.rb:187:in `run_machine'
  eventmachine (1.0.0) lib/eventmachine.rb:187:in `run'
  thin (1.5.0) lib/thin/backends/base.rb:63:in `start'
  thin (1.5.0) lib/thin/server.rb:159:in `start'
  rack (1.4.1) lib/rack/handler/thin.rb:13:in `run'
  rack (1.4.1) lib/rack/server.rb:265:in `start'
  railties (3.2.8) lib/rails/commands/server.rb:70:in `start'
  railties (3.2.8) lib/rails/commands.rb:55:in `block in <top (required)>'
  railties (3.2.8) lib/rails/commands.rb:50:in `tap'
  railties (3.2.8) lib/rails/commands.rb:50:in `<top (required)>'
  script/rails:6:in `require'
  script/rails:6:in `<main>'


  Rendered /Users/cdm/.rvm/gems/ruby-1.9.3-p194@global/gems/actionpack-3.2.8/lib/action_dispatch/middleware/templates/rescues/_trace.erb (0.9ms)
  Rendered /Users/cdm/.rvm/gems/ruby-1.9.3-p194@global/gems/actionpack-3.2.8/lib/action_dispatch/middleware/templates/rescues/_request_and_response.erb (2.0ms)
  Rendered /Users/cdm/.rvm/gems/ruby-1.9.3-p194@global/gems/actionpack-3.2.8/lib/action_dispatch/middleware/templates/rescues/diagnostics.erb within rescues/layout (7.7ms)


Started GET "/knb-auction" for 127.0.0.1 at 2012-11-02 11:29:20 -0500
Connecting to database specified by database.yml

ActionController::RoutingError (No route matches [GET] "/knb-auction"):
  actionpack (3.2.8) lib/action_dispatch/middleware/debug_exceptions.rb:21:in `call'
  actionpack (3.2.8) lib/action_dispatch/middleware/show_exceptions.rb:56:in `call'
  railties (3.2.8) lib/rails/rack/logger.rb:26:in `call_app'
  railties (3.2.8) lib/rails/rack/logger.rb:16:in `call'
  actionpack (3.2.8) lib/action_dispatch/middleware/request_id.rb:22:in `call'
  rack (1.4.1) lib/rack/methodoverride.rb:21:in `call'
  rack (1.4.1) lib/rack/runtime.rb:17:in `call'
  activesupport (3.2.8) lib/active_support/cache/strategy/local_cache.rb:72:in `call'
  rack (1.4.1) lib/rack/lock.rb:15:in `call'
  actionpack (3.2.8) lib/action_dispatch/middleware/static.rb:62:in `call'
  railties (3.2.8) lib/rails/engine.rb:479:in `call'
  railties (3.2.8) lib/rails/application.rb:223:in `call'
  rack (1.4.1) lib/rack/content_length.rb:14:in `call'
  railties (3.2.8) lib/rails/rack/log_tailer.rb:17:in `call'
  thin (1.5.0) lib/thin/connection.rb:81:in `block in pre_process'
  thin (1.5.0) lib/thin/connection.rb:79:in `catch'
  thin (1.5.0) lib/thin/connection.rb:79:in `pre_process'
  thin (1.5.0) lib/thin/connection.rb:54:in `process'
  thin (1.5.0) lib/thin/connection.rb:39:in `receive_data'
  eventmachine (1.0.0) lib/eventmachine.rb:187:in `run_machine'
  eventmachine (1.0.0) lib/eventmachine.rb:187:in `run'
  thin (1.5.0) lib/thin/backends/base.rb:63:in `start'
  thin (1.5.0) lib/thin/server.rb:159:in `start'
  rack (1.4.1) lib/rack/handler/thin.rb:13:in `run'
  rack (1.4.1) lib/rack/server.rb:265:in `start'
  railties (3.2.8) lib/rails/commands/server.rb:70:in `start'
  railties (3.2.8) lib/rails/commands.rb:55:in `block in <top (required)>'
  railties (3.2.8) lib/rails/commands.rb:50:in `tap'
  railties (3.2.8) lib/rails/commands.rb:50:in `<top (required)>'
  script/rails:6:in `require'
  script/rails:6:in `<main>'


  Rendered /Users/cdm/.rvm/gems/ruby-1.9.3-p194@global/gems/actionpack-3.2.8/lib/action_dispatch/middleware/templates/rescues/routing_error.erb within rescues/layout (0.9ms)


Started GET "/knb-auction" for 127.0.0.1 at 2012-11-02 11:31:01 -0500
Connecting to database specified by database.yml

ActionController::RoutingError (No route matches [GET] "/knb-auction"):
  actionpack (3.2.8) lib/action_dispatch/middleware/debug_exceptions.rb:21:in `call'
  actionpack (3.2.8) lib/action_dispatch/middleware/show_exceptions.rb:56:in `call'
  railties (3.2.8) lib/rails/rack/logger.rb:26:in `call_app'
  railties (3.2.8) lib/rails/rack/logger.rb:16:in `call'
  actionpack (3.2.8) lib/action_dispatch/middleware/request_id.rb:22:in `call'
  rack (1.4.1) lib/rack/methodoverride.rb:21:in `call'
  rack (1.4.1) lib/rack/runtime.rb:17:in `call'
  activesupport (3.2.8) lib/active_support/cache/strategy/local_cache.rb:72:in `call'
  rack (1.4.1) lib/rack/lock.rb:15:in `call'
  actionpack (3.2.8) lib/action_dispatch/middleware/static.rb:62:in `call'
  railties (3.2.8) lib/rails/engine.rb:479:in `call'
  railties (3.2.8) lib/rails/application.rb:223:in `call'
  railties (3.2.8) lib/rails/railtie/configurable.rb:30:in `method_missing'
  /Users/cdm/Library/Application Support/Pow/Versions/0.3.2/node_modules/nack/lib/nack/server.rb:146:in `handle'
  /Users/cdm/Library/Application Support/Pow/Versions/0.3.2/node_modules/nack/lib/nack/server.rb:99:in `rescue in block (2 levels) in start'
  /Users/cdm/Library/Application Support/Pow/Versions/0.3.2/node_modules/nack/lib/nack/server.rb:96:in `block (2 levels) in start'
  /Users/cdm/Library/Application Support/Pow/Versions/0.3.2/node_modules/nack/lib/nack/server.rb:86:in `each'
  /Users/cdm/Library/Application Support/Pow/Versions/0.3.2/node_modules/nack/lib/nack/server.rb:86:in `block in start'
  /Users/cdm/Library/Application Support/Pow/Versions/0.3.2/node_modules/nack/lib/nack/server.rb:66:in `loop'
  /Users/cdm/Library/Application Support/Pow/Versions/0.3.2/node_modules/nack/lib/nack/server.rb:66:in `start'
  /Users/cdm/Library/Application Support/Pow/Versions/0.3.2/node_modules/nack/lib/nack/server.rb:13:in `run'
  /Users/cdm/Library/Application Support/Pow/Versions/0.3.2/node_modules/nack/bin/nack_worker:4:in `<main>'


  Rendered /Users/cdm/.rvm/gems/ruby-1.9.3-p194@global/gems/actionpack-3.2.8/lib/action_dispatch/middleware/templates/rescues/routing_error.erb within rescues/layout (0.5ms)


Started GET "/knb-auction" for 127.0.0.1 at 2012-11-02 11:55:03 -0500
Connecting to database specified by database.yml

ActionController::RoutingError (No route matches [GET] "/knb-auction"):
  actionpack (3.2.8) lib/action_dispatch/middleware/debug_exceptions.rb:21:in `call'
  actionpack (3.2.8) lib/action_dispatch/middleware/show_exceptions.rb:56:in `call'
  railties (3.2.8) lib/rails/rack/logger.rb:26:in `call_app'
  railties (3.2.8) lib/rails/rack/logger.rb:16:in `call'
  actionpack (3.2.8) lib/action_dispatch/middleware/request_id.rb:22:in `call'
  rack (1.4.1) lib/rack/methodoverride.rb:21:in `call'
  rack (1.4.1) lib/rack/runtime.rb:17:in `call'
  activesupport (3.2.8) lib/active_support/cache/strategy/local_cache.rb:72:in `call'
  rack (1.4.1) lib/rack/lock.rb:15:in `call'
  actionpack (3.2.8) lib/action_dispatch/middleware/static.rb:62:in `call'
  railties (3.2.8) lib/rails/engine.rb:479:in `call'
  railties (3.2.8) lib/rails/application.rb:223:in `call'
  railties (3.2.8) lib/rails/railtie/configurable.rb:30:in `method_missing'
  /Users/cdm/Library/Application Support/Pow/Versions/0.3.2/node_modules/nack/lib/nack/server.rb:146:in `handle'
  /Users/cdm/Library/Application Support/Pow/Versions/0.3.2/node_modules/nack/lib/nack/server.rb:99:in `rescue in block (2 levels) in start'
  /Users/cdm/Library/Application Support/Pow/Versions/0.3.2/node_modules/nack/lib/nack/server.rb:96:in `block (2 levels) in start'
  /Users/cdm/Library/Application Support/Pow/Versions/0.3.2/node_modules/nack/lib/nack/server.rb:86:in `each'
  /Users/cdm/Library/Application Support/Pow/Versions/0.3.2/node_modules/nack/lib/nack/server.rb:86:in `block in start'
  /Users/cdm/Library/Application Support/Pow/Versions/0.3.2/node_modules/nack/lib/nack/server.rb:66:in `loop'
  /Users/cdm/Library/Application Support/Pow/Versions/0.3.2/node_modules/nack/lib/nack/server.rb:66:in `start'
  /Users/cdm/Library/Application Support/Pow/Versions/0.3.2/node_modules/nack/lib/nack/server.rb:13:in `run'
  /Users/cdm/Library/Application Support/Pow/Versions/0.3.2/node_modules/nack/bin/nack_worker:4:in `<main>'


  Rendered /Users/cdm/.rvm/gems/ruby-1.9.3-p194@global/gems/actionpack-3.2.8/lib/action_dispatch/middleware/templates/rescues/routing_error.erb within rescues/layout (1.5ms)


Started GET "/knb-auction" for 127.0.0.1 at 2012-11-02 13:24:01 -0500
Connecting to database specified by database.yml

ActionController::RoutingError (No route matches [GET] "/knb-auction"):
  actionpack (3.2.8) lib/action_dispatch/middleware/debug_exceptions.rb:21:in `call'
  actionpack (3.2.8) lib/action_dispatch/middleware/show_exceptions.rb:56:in `call'
  railties (3.2.8) lib/rails/rack/logger.rb:26:in `call_app'
  railties (3.2.8) lib/rails/rack/logger.rb:16:in `call'
  actionpack (3.2.8) lib/action_dispatch/middleware/request_id.rb:22:in `call'
  rack (1.4.1) lib/rack/methodoverride.rb:21:in `call'
  rack (1.4.1) lib/rack/runtime.rb:17:in `call'
  activesupport (3.2.8) lib/active_support/cache/strategy/local_cache.rb:72:in `call'
  rack (1.4.1) lib/rack/lock.rb:15:in `call'
  actionpack (3.2.8) lib/action_dispatch/middleware/static.rb:62:in `call'
  railties (3.2.8) lib/rails/engine.rb:479:in `call'
  railties (3.2.8) lib/rails/application.rb:223:in `call'
  railties (3.2.8) lib/rails/railtie/configurable.rb:30:in `method_missing'
  /Users/cdm/Library/Application Support/Pow/Versions/0.3.2/node_modules/nack/lib/nack/server.rb:146:in `handle'
  /Users/cdm/Library/Application Support/Pow/Versions/0.3.2/node_modules/nack/lib/nack/server.rb:99:in `rescue in block (2 levels) in start'
  /Users/cdm/Library/Application Support/Pow/Versions/0.3.2/node_modules/nack/lib/nack/server.rb:96:in `block (2 levels) in start'
  /Users/cdm/Library/Application Support/Pow/Versions/0.3.2/node_modules/nack/lib/nack/server.rb:86:in `each'
  /Users/cdm/Library/Application Support/Pow/Versions/0.3.2/node_modules/nack/lib/nack/server.rb:86:in `block in start'
  /Users/cdm/Library/Application Support/Pow/Versions/0.3.2/node_modules/nack/lib/nack/server.rb:66:in `loop'
  /Users/cdm/Library/Application Support/Pow/Versions/0.3.2/node_modules/nack/lib/nack/server.rb:66:in `start'
  /Users/cdm/Library/Application Support/Pow/Versions/0.3.2/node_modules/nack/lib/nack/server.rb:13:in `run'
  /Users/cdm/Library/Application Support/Pow/Versions/0.3.2/node_modules/nack/bin/nack_worker:4:in `<main>'


  Rendered /Users/cdm/.rvm/gems/ruby-1.9.3-p194@global/gems/actionpack-3.2.8/lib/action_dispatch/middleware/templates/rescues/routing_error.erb within rescues/layout (2.1ms)


Started GET "/knb-auction" for 127.0.0.1 at 2012-11-02 13:39:07 -0500
Connecting to database specified by database.yml

ActionController::RoutingError (No route matches [GET] "/knb-auction"):
  actionpack (3.2.8) lib/action_dispatch/middleware/debug_exceptions.rb:21:in `call'
  actionpack (3.2.8) lib/action_dispatch/middleware/show_exceptions.rb:56:in `call'
  railties (3.2.8) lib/rails/rack/logger.rb:26:in `call_app'
  railties (3.2.8) lib/rails/rack/logger.rb:16:in `call'
  actionpack (3.2.8) lib/action_dispatch/middleware/request_id.rb:22:in `call'
  rack (1.4.1) lib/rack/methodoverride.rb:21:in `call'
  rack (1.4.1) lib/rack/runtime.rb:17:in `call'
  activesupport (3.2.8) lib/active_support/cache/strategy/local_cache.rb:72:in `call'
  rack (1.4.1) lib/rack/lock.rb:15:in `call'
  actionpack (3.2.8) lib/action_dispatch/middleware/static.rb:62:in `call'
  railties (3.2.8) lib/rails/engine.rb:479:in `call'
  railties (3.2.8) lib/rails/application.rb:223:in `call'
  railties (3.2.8) lib/rails/railtie/configurable.rb:30:in `method_missing'
  /Users/cdm/Library/Application Support/Pow/Versions/0.3.2/node_modules/nack/lib/nack/server.rb:146:in `handle'
  /Users/cdm/Library/Application Support/Pow/Versions/0.3.2/node_modules/nack/lib/nack/server.rb:99:in `rescue in block (2 levels) in start'
  /Users/cdm/Library/Application Support/Pow/Versions/0.3.2/node_modules/nack/lib/nack/server.rb:96:in `block (2 levels) in start'
  /Users/cdm/Library/Application Support/Pow/Versions/0.3.2/node_modules/nack/lib/nack/server.rb:86:in `each'
  /Users/cdm/Library/Application Support/Pow/Versions/0.3.2/node_modules/nack/lib/nack/server.rb:86:in `block in start'
  /Users/cdm/Library/Application Support/Pow/Versions/0.3.2/node_modules/nack/lib/nack/server.rb:66:in `loop'
  /Users/cdm/Library/Application Support/Pow/Versions/0.3.2/node_modules/nack/lib/nack/server.rb:66:in `start'
  /Users/cdm/Library/Application Support/Pow/Versions/0.3.2/node_modules/nack/lib/nack/server.rb:13:in `run'
  /Users/cdm/Library/Application Support/Pow/Versions/0.3.2/node_modules/nack/bin/nack_worker:4:in `<main>'


  Rendered /Users/cdm/.rvm/gems/ruby-1.9.3-p194@global/gems/actionpack-3.2.8/lib/action_dispatch/middleware/templates/rescues/routing_error.erb within rescues/layout (2.1ms)


Started GET "/auction" for 127.0.0.1 at 2012-11-02 13:39:09 -0500

ActionController::RoutingError (No route matches [GET] "/auction"):
  actionpack (3.2.8) lib/action_dispatch/middleware/debug_exceptions.rb:21:in `call'
  actionpack (3.2.8) lib/action_dispatch/middleware/show_exceptions.rb:56:in `call'
  railties (3.2.8) lib/rails/rack/logger.rb:26:in `call_app'
  railties (3.2.8) lib/rails/rack/logger.rb:16:in `call'
  actionpack (3.2.8) lib/action_dispatch/middleware/request_id.rb:22:in `call'
  rack (1.4.1) lib/rack/methodoverride.rb:21:in `call'
  rack (1.4.1) lib/rack/runtime.rb:17:in `call'
  activesupport (3.2.8) lib/active_support/cache/strategy/local_cache.rb:72:in `call'
  rack (1.4.1) lib/rack/lock.rb:15:in `call'
  actionpack (3.2.8) lib/action_dispatch/middleware/static.rb:62:in `call'
  railties (3.2.8) lib/rails/engine.rb:479:in `call'
  railties (3.2.8) lib/rails/application.rb:223:in `call'
  railties (3.2.8) lib/rails/railtie/configurable.rb:30:in `method_missing'
  /Users/cdm/Library/Application Support/Pow/Versions/0.3.2/node_modules/nack/lib/nack/server.rb:146:in `handle'
  /Users/cdm/Library/Application Support/Pow/Versions/0.3.2/node_modules/nack/lib/nack/server.rb:99:in `rescue in block (2 levels) in start'
  /Users/cdm/Library/Application Support/Pow/Versions/0.3.2/node_modules/nack/lib/nack/server.rb:96:in `block (2 levels) in start'
  /Users/cdm/Library/Application Support/Pow/Versions/0.3.2/node_modules/nack/lib/nack/server.rb:86:in `each'
  /Users/cdm/Library/Application Support/Pow/Versions/0.3.2/node_modules/nack/lib/nack/server.rb:86:in `block in start'
  /Users/cdm/Library/Application Support/Pow/Versions/0.3.2/node_modules/nack/lib/nack/server.rb:66:in `loop'
  /Users/cdm/Library/Application Support/Pow/Versions/0.3.2/node_modules/nack/lib/nack/server.rb:66:in `start'
  /Users/cdm/Library/Application Support/Pow/Versions/0.3.2/node_modules/nack/lib/nack/server.rb:13:in `run'
  /Users/cdm/Library/Application Support/Pow/Versions/0.3.2/node_modules/nack/bin/nack_worker:4:in `<main>'


  Rendered /Users/cdm/.rvm/gems/ruby-1.9.3-p194@global/gems/actionpack-3.2.8/lib/action_dispatch/middleware/templates/rescues/routing_error.erb within rescues/layout (0.6ms)


Started GET "/auction" for 127.0.0.1 at 2012-11-02 13:40:02 -0500

ActionController::RoutingError (uninitialized constant KnbAuction::DashboardController):
  activesupport (3.2.8) lib/active_support/inflector/methods.rb:230:in `block in constantize'
  activesupport (3.2.8) lib/active_support/inflector/methods.rb:229:in `each'
  activesupport (3.2.8) lib/active_support/inflector/methods.rb:229:in `constantize'
  actionpack (3.2.8) lib/action_dispatch/routing/route_set.rb:69:in `controller_reference'
  actionpack (3.2.8) lib/action_dispatch/routing/route_set.rb:54:in `controller'
  actionpack (3.2.8) lib/action_dispatch/routing/route_set.rb:32:in `call'
  journey (1.0.4) lib/journey/router.rb:68:in `block in call'
  journey (1.0.4) lib/journey/router.rb:56:in `each'
  journey (1.0.4) lib/journey/router.rb:56:in `call'
  actionpack (3.2.8) lib/action_dispatch/routing/route_set.rb:600:in `call'
  railties (3.2.8) lib/rails/engine.rb:479:in `call'
  railties (3.2.8) lib/rails/railtie/configurable.rb:30:in `method_missing'
  journey (1.0.4) lib/journey/router.rb:68:in `block in call'
  journey (1.0.4) lib/journey/router.rb:56:in `each'
  journey (1.0.4) lib/journey/router.rb:56:in `call'
  actionpack (3.2.8) lib/action_dispatch/routing/route_set.rb:600:in `call'
  actionpack (3.2.8) lib/action_dispatch/middleware/best_standards_support.rb:17:in `call'
  rack (1.4.1) lib/rack/etag.rb:23:in `call'
  rack (1.4.1) lib/rack/conditionalget.rb:25:in `call'
  actionpack (3.2.8) lib/action_dispatch/middleware/head.rb:14:in `call'
  actionpack (3.2.8) lib/action_dispatch/middleware/params_parser.rb:21:in `call'
  actionpack (3.2.8) lib/action_dispatch/middleware/flash.rb:242:in `call'
  rack (1.4.1) lib/rack/session/abstract/id.rb:205:in `context'
  rack (1.4.1) lib/rack/session/abstract/id.rb:200:in `call'
  actionpack (3.2.8) lib/action_dispatch/middleware/cookies.rb:339:in `call'
  activerecord (3.2.8) lib/active_record/query_cache.rb:64:in `call'
  activerecord (3.2.8) lib/active_record/connection_adapters/abstract/connection_pool.rb:473:in `call'
  actionpack (3.2.8) lib/action_dispatch/middleware/callbacks.rb:28:in `block in call'
  activesupport (3.2.8) lib/active_support/callbacks.rb:405:in `_run__1195503338468760743__call__852184456825207441__callbacks'
  activesupport (3.2.8) lib/active_support/callbacks.rb:405:in `__run_callback'
  activesupport (3.2.8) lib/active_support/callbacks.rb:385:in `_run_call_callbacks'
  activesupport (3.2.8) lib/active_support/callbacks.rb:81:in `run_callbacks'
  actionpack (3.2.8) lib/action_dispatch/middleware/callbacks.rb:27:in `call'
  actionpack (3.2.8) lib/action_dispatch/middleware/reloader.rb:65:in `call'
  actionpack (3.2.8) lib/action_dispatch/middleware/remote_ip.rb:31:in `call'
  actionpack (3.2.8) lib/action_dispatch/middleware/debug_exceptions.rb:16:in `call'
  actionpack (3.2.8) lib/action_dispatch/middleware/show_exceptions.rb:56:in `call'
  railties (3.2.8) lib/rails/rack/logger.rb:26:in `call_app'
  railties (3.2.8) lib/rails/rack/logger.rb:16:in `call'
  actionpack (3.2.8) lib/action_dispatch/middleware/request_id.rb:22:in `call'
  rack (1.4.1) lib/rack/methodoverride.rb:21:in `call'
  rack (1.4.1) lib/rack/runtime.rb:17:in `call'
  activesupport (3.2.8) lib/active_support/cache/strategy/local_cache.rb:72:in `call'
  rack (1.4.1) lib/rack/lock.rb:15:in `call'
  actionpack (3.2.8) lib/action_dispatch/middleware/static.rb:62:in `call'
  railties (3.2.8) lib/rails/engine.rb:479:in `call'
  railties (3.2.8) lib/rails/application.rb:223:in `call'
  railties (3.2.8) lib/rails/railtie/configurable.rb:30:in `method_missing'
  /Users/cdm/Library/Application Support/Pow/Versions/0.3.2/node_modules/nack/lib/nack/server.rb:146:in `handle'
  /Users/cdm/Library/Application Support/Pow/Versions/0.3.2/node_modules/nack/lib/nack/server.rb:99:in `rescue in block (2 levels) in start'
  /Users/cdm/Library/Application Support/Pow/Versions/0.3.2/node_modules/nack/lib/nack/server.rb:96:in `block (2 levels) in start'
  /Users/cdm/Library/Application Support/Pow/Versions/0.3.2/node_modules/nack/lib/nack/server.rb:86:in `each'
  /Users/cdm/Library/Application Support/Pow/Versions/0.3.2/node_modules/nack/lib/nack/server.rb:86:in `block in start'
  /Users/cdm/Library/Application Support/Pow/Versions/0.3.2/node_modules/nack/lib/nack/server.rb:66:in `loop'
  /Users/cdm/Library/Application Support/Pow/Versions/0.3.2/node_modules/nack/lib/nack/server.rb:66:in `start'
  /Users/cdm/Library/Application Support/Pow/Versions/0.3.2/node_modules/nack/lib/nack/server.rb:13:in `run'
  /Users/cdm/Library/Application Support/Pow/Versions/0.3.2/node_modules/nack/bin/nack_worker:4:in `<main>'


  Rendered /Users/cdm/.rvm/gems/ruby-1.9.3-p194@global/gems/actionpack-3.2.8/lib/action_dispatch/middleware/templates/rescues/routing_error.erb within rescues/layout (0.4ms)


Started GET "/auction" for 127.0.0.1 at 2012-11-02 13:53:22 -0500
Connecting to database specified by database.yml

LoadError (No such file to load -- knb_auction/application_controller):
  activesupport (3.2.8) lib/active_support/dependencies.rb:317:in `rescue in depend_on'
  activesupport (3.2.8) lib/active_support/dependencies.rb:312:in `depend_on'
  activesupport (3.2.8) lib/active_support/dependencies.rb:225:in `require_dependency'
  /Users/cdm/code/knb-auction/app/controllers/knb_auction/dashboard_controller.rb:1:in `<top (required)>'
  activesupport (3.2.8) lib/active_support/dependencies.rb:469:in `load'
  activesupport (3.2.8) lib/active_support/dependencies.rb:469:in `block in load_file'
  activesupport (3.2.8) lib/active_support/dependencies.rb:639:in `new_constants_in'
  activesupport (3.2.8) lib/active_support/dependencies.rb:468:in `load_file'
  activesupport (3.2.8) lib/active_support/dependencies.rb:353:in `require_or_load'
  activesupport (3.2.8) lib/active_support/dependencies.rb:502:in `load_missing_constant'
  activesupport (3.2.8) lib/active_support/dependencies.rb:192:in `block in const_missing'
  activesupport (3.2.8) lib/active_support/dependencies.rb:190:in `each'
  activesupport (3.2.8) lib/active_support/dependencies.rb:190:in `const_missing'
  activesupport (3.2.8) lib/active_support/inflector/methods.rb:230:in `block in constantize'
  activesupport (3.2.8) lib/active_support/inflector/methods.rb:229:in `each'
  activesupport (3.2.8) lib/active_support/inflector/methods.rb:229:in `constantize'
  activesupport (3.2.8) lib/active_support/dependencies.rb:554:in `get'
  actionpack (3.2.8) lib/action_dispatch/routing/route_set.rb:69:in `controller_reference'
  actionpack (3.2.8) lib/action_dispatch/routing/route_set.rb:54:in `controller'
  actionpack (3.2.8) lib/action_dispatch/routing/route_set.rb:32:in `call'
  journey (1.0.4) lib/journey/router.rb:68:in `block in call'
  journey (1.0.4) lib/journey/router.rb:56:in `each'
  journey (1.0.4) lib/journey/router.rb:56:in `call'
  actionpack (3.2.8) lib/action_dispatch/routing/route_set.rb:600:in `call'
  railties (3.2.8) lib/rails/engine.rb:479:in `call'
  railties (3.2.8) lib/rails/railtie/configurable.rb:30:in `method_missing'
  journey (1.0.4) lib/journey/router.rb:68:in `block in call'
  journey (1.0.4) lib/journey/router.rb:56:in `each'
  journey (1.0.4) lib/journey/router.rb:56:in `call'
  actionpack (3.2.8) lib/action_dispatch/routing/route_set.rb:600:in `call'
  actionpack (3.2.8) lib/action_dispatch/middleware/best_standards_support.rb:17:in `call'
  rack (1.4.1) lib/rack/etag.rb:23:in `call'
  rack (1.4.1) lib/rack/conditionalget.rb:25:in `call'
  actionpack (3.2.8) lib/action_dispatch/middleware/head.rb:14:in `call'
  actionpack (3.2.8) lib/action_dispatch/middleware/params_parser.rb:21:in `call'
  actionpack (3.2.8) lib/action_dispatch/middleware/flash.rb:242:in `call'
  rack (1.4.1) lib/rack/session/abstract/id.rb:205:in `context'
  rack (1.4.1) lib/rack/session/abstract/id.rb:200:in `call'
  actionpack (3.2.8) lib/action_dispatch/middleware/cookies.rb:339:in `call'
  activerecord (3.2.8) lib/active_record/query_cache.rb:64:in `call'
  activerecord (3.2.8) lib/active_record/connection_adapters/abstract/connection_pool.rb:473:in `call'
  actionpack (3.2.8) lib/action_dispatch/middleware/callbacks.rb:28:in `block in call'
  activesupport (3.2.8) lib/active_support/callbacks.rb:405:in `_run__4170527017343558368__call__2164423337685941344__callbacks'
  activesupport (3.2.8) lib/active_support/callbacks.rb:405:in `__run_callback'
  activesupport (3.2.8) lib/active_support/callbacks.rb:385:in `_run_call_callbacks'
  activesupport (3.2.8) lib/active_support/callbacks.rb:81:in `run_callbacks'
  actionpack (3.2.8) lib/action_dispatch/middleware/callbacks.rb:27:in `call'
  actionpack (3.2.8) lib/action_dispatch/middleware/reloader.rb:65:in `call'
  actionpack (3.2.8) lib/action_dispatch/middleware/remote_ip.rb:31:in `call'
  actionpack (3.2.8) lib/action_dispatch/middleware/debug_exceptions.rb:16:in `call'
  actionpack (3.2.8) lib/action_dispatch/middleware/show_exceptions.rb:56:in `call'
  railties (3.2.8) lib/rails/rack/logger.rb:26:in `call_app'
  railties (3.2.8) lib/rails/rack/logger.rb:16:in `call'
  actionpack (3.2.8) lib/action_dispatch/middleware/request_id.rb:22:in `call'
  rack (1.4.1) lib/rack/methodoverride.rb:21:in `call'
  rack (1.4.1) lib/rack/runtime.rb:17:in `call'
  activesupport (3.2.8) lib/active_support/cache/strategy/local_cache.rb:72:in `call'
  rack (1.4.1) lib/rack/lock.rb:15:in `call'
  actionpack (3.2.8) lib/action_dispatch/middleware/static.rb:62:in `call'
  railties (3.2.8) lib/rails/engine.rb:479:in `call'
  railties (3.2.8) lib/rails/application.rb:223:in `call'
  railties (3.2.8) lib/rails/railtie/configurable.rb:30:in `method_missing'
  /Users/cdm/Library/Application Support/Pow/Versions/0.3.2/node_modules/nack/lib/nack/server.rb:146:in `handle'
  /Users/cdm/Library/Application Support/Pow/Versions/0.3.2/node_modules/nack/lib/nack/server.rb:99:in `rescue in block (2 levels) in start'
  /Users/cdm/Library/Application Support/Pow/Versions/0.3.2/node_modules/nack/lib/nack/server.rb:96:in `block (2 levels) in start'
  /Users/cdm/Library/Application Support/Pow/Versions/0.3.2/node_modules/nack/lib/nack/server.rb:86:in `each'
  /Users/cdm/Library/Application Support/Pow/Versions/0.3.2/node_modules/nack/lib/nack/server.rb:86:in `block in start'
  /Users/cdm/Library/Application Support/Pow/Versions/0.3.2/node_modules/nack/lib/nack/server.rb:66:in `loop'
  /Users/cdm/Library/Application Support/Pow/Versions/0.3.2/node_modules/nack/lib/nack/server.rb:66:in `start'
  /Users/cdm/Library/Application Support/Pow/Versions/0.3.2/node_modules/nack/lib/nack/server.rb:13:in `run'
  /Users/cdm/Library/Application Support/Pow/Versions/0.3.2/node_modules/nack/bin/nack_worker:4:in `<main>'


  Rendered /Users/cdm/.rvm/gems/ruby-1.9.3-p194@global/gems/actionpack-3.2.8/lib/action_dispatch/middleware/templates/rescues/_trace.erb (1.1ms)
  Rendered /Users/cdm/.rvm/gems/ruby-1.9.3-p194@global/gems/actionpack-3.2.8/lib/action_dispatch/middleware/templates/rescues/_request_and_response.erb (3.4ms)
  Rendered /Users/cdm/.rvm/gems/ruby-1.9.3-p194@global/gems/actionpack-3.2.8/lib/action_dispatch/middleware/templates/rescues/diagnostics.erb within rescues/layout (26.2ms)


Started GET "/auction" for 127.0.0.1 at 2012-11-02 13:54:21 -0500

LoadError (No such file to load -- knb_auction/application_controller):
  activesupport (3.2.8) lib/active_support/dependencies.rb:317:in `rescue in depend_on'
  activesupport (3.2.8) lib/active_support/dependencies.rb:312:in `depend_on'
  activesupport (3.2.8) lib/active_support/dependencies.rb:225:in `require_dependency'
  /Users/cdm/code/knb-auction/app/controllers/knb_auction/dashboard_controller.rb:1:in `<top (required)>'
  activesupport (3.2.8) lib/active_support/dependencies.rb:469:in `load'
  activesupport (3.2.8) lib/active_support/dependencies.rb:469:in `block in load_file'
  activesupport (3.2.8) lib/active_support/dependencies.rb:639:in `new_constants_in'
  activesupport (3.2.8) lib/active_support/dependencies.rb:468:in `load_file'
  activesupport (3.2.8) lib/active_support/dependencies.rb:353:in `require_or_load'
  activesupport (3.2.8) lib/active_support/dependencies.rb:502:in `load_missing_constant'
  activesupport (3.2.8) lib/active_support/dependencies.rb:192:in `block in const_missing'
  activesupport (3.2.8) lib/active_support/dependencies.rb:190:in `each'
  activesupport (3.2.8) lib/active_support/dependencies.rb:190:in `const_missing'
  activesupport (3.2.8) lib/active_support/inflector/methods.rb:230:in `block in constantize'
  activesupport (3.2.8) lib/active_support/inflector/methods.rb:229:in `each'
  activesupport (3.2.8) lib/active_support/inflector/methods.rb:229:in `constantize'
  activesupport (3.2.8) lib/active_support/dependencies.rb:554:in `get'
  actionpack (3.2.8) lib/action_dispatch/routing/route_set.rb:69:in `controller_reference'
  actionpack (3.2.8) lib/action_dispatch/routing/route_set.rb:54:in `controller'
  actionpack (3.2.8) lib/action_dispatch/routing/route_set.rb:32:in `call'
  journey (1.0.4) lib/journey/router.rb:68:in `block in call'
  journey (1.0.4) lib/journey/router.rb:56:in `each'
  journey (1.0.4) lib/journey/router.rb:56:in `call'
  actionpack (3.2.8) lib/action_dispatch/routing/route_set.rb:600:in `call'
  railties (3.2.8) lib/rails/engine.rb:479:in `call'
  railties (3.2.8) lib/rails/railtie/configurable.rb:30:in `method_missing'
  journey (1.0.4) lib/journey/router.rb:68:in `block in call'
  journey (1.0.4) lib/journey/router.rb:56:in `each'
  journey (1.0.4) lib/journey/router.rb:56:in `call'
  actionpack (3.2.8) lib/action_dispatch/routing/route_set.rb:600:in `call'
  actionpack (3.2.8) lib/action_dispatch/middleware/best_standards_support.rb:17:in `call'
  rack (1.4.1) lib/rack/etag.rb:23:in `call'
  rack (1.4.1) lib/rack/conditionalget.rb:25:in `call'
  actionpack (3.2.8) lib/action_dispatch/middleware/head.rb:14:in `call'
  actionpack (3.2.8) lib/action_dispatch/middleware/params_parser.rb:21:in `call'
  actionpack (3.2.8) lib/action_dispatch/middleware/flash.rb:242:in `call'
  rack (1.4.1) lib/rack/session/abstract/id.rb:205:in `context'
  rack (1.4.1) lib/rack/session/abstract/id.rb:200:in `call'
  actionpack (3.2.8) lib/action_dispatch/middleware/cookies.rb:339:in `call'
  activerecord (3.2.8) lib/active_record/query_cache.rb:64:in `call'
  activerecord (3.2.8) lib/active_record/connection_adapters/abstract/connection_pool.rb:473:in `call'
  actionpack (3.2.8) lib/action_dispatch/middleware/callbacks.rb:28:in `block in call'
  activesupport (3.2.8) lib/active_support/callbacks.rb:405:in `_run__4170527017343558368__call__2164423337685941344__callbacks'
  activesupport (3.2.8) lib/active_support/callbacks.rb:405:in `__run_callback'
  activesupport (3.2.8) lib/active_support/callbacks.rb:385:in `_run_call_callbacks'
  activesupport (3.2.8) lib/active_support/callbacks.rb:81:in `run_callbacks'
  actionpack (3.2.8) lib/action_dispatch/middleware/callbacks.rb:27:in `call'
  actionpack (3.2.8) lib/action_dispatch/middleware/reloader.rb:65:in `call'
  actionpack (3.2.8) lib/action_dispatch/middleware/remote_ip.rb:31:in `call'
  actionpack (3.2.8) lib/action_dispatch/middleware/debug_exceptions.rb:16:in `call'
  actionpack (3.2.8) lib/action_dispatch/middleware/show_exceptions.rb:56:in `call'
  railties (3.2.8) lib/rails/rack/logger.rb:26:in `call_app'
  railties (3.2.8) lib/rails/rack/logger.rb:16:in `call'
  actionpack (3.2.8) lib/action_dispatch/middleware/request_id.rb:22:in `call'
  rack (1.4.1) lib/rack/methodoverride.rb:21:in `call'
  rack (1.4.1) lib/rack/runtime.rb:17:in `call'
  activesupport (3.2.8) lib/active_support/cache/strategy/local_cache.rb:72:in `call'
  rack (1.4.1) lib/rack/lock.rb:15:in `call'
  actionpack (3.2.8) lib/action_dispatch/middleware/static.rb:62:in `call'
  railties (3.2.8) lib/rails/engine.rb:479:in `call'
  railties (3.2.8) lib/rails/application.rb:223:in `call'
  railties (3.2.8) lib/rails/railtie/configurable.rb:30:in `method_missing'
  /Users/cdm/Library/Application Support/Pow/Versions/0.3.2/node_modules/nack/lib/nack/server.rb:146:in `handle'
  /Users/cdm/Library/Application Support/Pow/Versions/0.3.2/node_modules/nack/lib/nack/server.rb:99:in `rescue in block (2 levels) in start'
  /Users/cdm/Library/Application Support/Pow/Versions/0.3.2/node_modules/nack/lib/nack/server.rb:96:in `block (2 levels) in start'
  /Users/cdm/Library/Application Support/Pow/Versions/0.3.2/node_modules/nack/lib/nack/server.rb:86:in `each'
  /Users/cdm/Library/Application Support/Pow/Versions/0.3.2/node_modules/nack/lib/nack/server.rb:86:in `block in start'
  /Users/cdm/Library/Application Support/Pow/Versions/0.3.2/node_modules/nack/lib/nack/server.rb:66:in `loop'
  /Users/cdm/Library/Application Support/Pow/Versions/0.3.2/node_modules/nack/lib/nack/server.rb:66:in `start'
  /Users/cdm/Library/Application Support/Pow/Versions/0.3.2/node_modules/nack/lib/nack/server.rb:13:in `run'
  /Users/cdm/Library/Application Support/Pow/Versions/0.3.2/node_modules/nack/bin/nack_worker:4:in `<main>'


  Rendered /Users/cdm/.rvm/gems/ruby-1.9.3-p194@global/gems/actionpack-3.2.8/lib/action_dispatch/middleware/templates/rescues/_trace.erb (0.9ms)
  Rendered /Users/cdm/.rvm/gems/ruby-1.9.3-p194@global/gems/actionpack-3.2.8/lib/action_dispatch/middleware/templates/rescues/_request_and_response.erb (0.6ms)
  Rendered /Users/cdm/.rvm/gems/ruby-1.9.3-p194@global/gems/actionpack-3.2.8/lib/action_dispatch/middleware/templates/rescues/diagnostics.erb within rescues/layout (5.3ms)


Started GET "/auction" for 127.0.0.1 at 2012-11-02 13:54:49 -0500

LoadError (No such file to load -- knb_auction/application_controller):
  activesupport (3.2.8) lib/active_support/dependencies.rb:317:in `rescue in depend_on'
  activesupport (3.2.8) lib/active_support/dependencies.rb:312:in `depend_on'
  activesupport (3.2.8) lib/active_support/dependencies.rb:225:in `require_dependency'
  /Users/cdm/code/knb-auction/app/controllers/knb_auction/dashboard_controller.rb:1:in `<top (required)>'
  activesupport (3.2.8) lib/active_support/dependencies.rb:469:in `load'
  activesupport (3.2.8) lib/active_support/dependencies.rb:469:in `block in load_file'
  activesupport (3.2.8) lib/active_support/dependencies.rb:639:in `new_constants_in'
  activesupport (3.2.8) lib/active_support/dependencies.rb:468:in `load_file'
  activesupport (3.2.8) lib/active_support/dependencies.rb:353:in `require_or_load'
  activesupport (3.2.8) lib/active_support/dependencies.rb:502:in `load_missing_constant'
  activesupport (3.2.8) lib/active_support/dependencies.rb:192:in `block in const_missing'
  activesupport (3.2.8) lib/active_support/dependencies.rb:190:in `each'
  activesupport (3.2.8) lib/active_support/dependencies.rb:190:in `const_missing'
  activesupport (3.2.8) lib/active_support/inflector/methods.rb:230:in `block in constantize'
  activesupport (3.2.8) lib/active_support/inflector/methods.rb:229:in `each'
  activesupport (3.2.8) lib/active_support/inflector/methods.rb:229:in `constantize'
  activesupport (3.2.8) lib/active_support/dependencies.rb:554:in `get'
  actionpack (3.2.8) lib/action_dispatch/routing/route_set.rb:69:in `controller_reference'
  actionpack (3.2.8) lib/action_dispatch/routing/route_set.rb:54:in `controller'
  actionpack (3.2.8) lib/action_dispatch/routing/route_set.rb:32:in `call'
  journey (1.0.4) lib/journey/router.rb:68:in `block in call'
  journey (1.0.4) lib/journey/router.rb:56:in `each'
  journey (1.0.4) lib/journey/router.rb:56:in `call'
  actionpack (3.2.8) lib/action_dispatch/routing/route_set.rb:600:in `call'
  railties (3.2.8) lib/rails/engine.rb:479:in `call'
  railties (3.2.8) lib/rails/railtie/configurable.rb:30:in `method_missing'
  journey (1.0.4) lib/journey/router.rb:68:in `block in call'
  journey (1.0.4) lib/journey/router.rb:56:in `each'
  journey (1.0.4) lib/journey/router.rb:56:in `call'
  actionpack (3.2.8) lib/action_dispatch/routing/route_set.rb:600:in `call'
  actionpack (3.2.8) lib/action_dispatch/middleware/best_standards_support.rb:17:in `call'
  rack (1.4.1) lib/rack/etag.rb:23:in `call'
  rack (1.4.1) lib/rack/conditionalget.rb:25:in `call'
  actionpack (3.2.8) lib/action_dispatch/middleware/head.rb:14:in `call'
  actionpack (3.2.8) lib/action_dispatch/middleware/params_parser.rb:21:in `call'
  actionpack (3.2.8) lib/action_dispatch/middleware/flash.rb:242:in `call'
  rack (1.4.1) lib/rack/session/abstract/id.rb:205:in `context'
  rack (1.4.1) lib/rack/session/abstract/id.rb:200:in `call'
  actionpack (3.2.8) lib/action_dispatch/middleware/cookies.rb:339:in `call'
  activerecord (3.2.8) lib/active_record/query_cache.rb:64:in `call'
  activerecord (3.2.8) lib/active_record/connection_adapters/abstract/connection_pool.rb:473:in `call'
  actionpack (3.2.8) lib/action_dispatch/middleware/callbacks.rb:28:in `block in call'
  activesupport (3.2.8) lib/active_support/callbacks.rb:405:in `_run__4170527017343558368__call__2164423337685941344__callbacks'
  activesupport (3.2.8) lib/active_support/callbacks.rb:405:in `__run_callback'
  activesupport (3.2.8) lib/active_support/callbacks.rb:385:in `_run_call_callbacks'
  activesupport (3.2.8) lib/active_support/callbacks.rb:81:in `run_callbacks'
  actionpack (3.2.8) lib/action_dispatch/middleware/callbacks.rb:27:in `call'
  actionpack (3.2.8) lib/action_dispatch/middleware/reloader.rb:65:in `call'
  actionpack (3.2.8) lib/action_dispatch/middleware/remote_ip.rb:31:in `call'
  actionpack (3.2.8) lib/action_dispatch/middleware/debug_exceptions.rb:16:in `call'
  actionpack (3.2.8) lib/action_dispatch/middleware/show_exceptions.rb:56:in `call'
  railties (3.2.8) lib/rails/rack/logger.rb:26:in `call_app'
  railties (3.2.8) lib/rails/rack/logger.rb:16:in `call'
  actionpack (3.2.8) lib/action_dispatch/middleware/request_id.rb:22:in `call'
  rack (1.4.1) lib/rack/methodoverride.rb:21:in `call'
  rack (1.4.1) lib/rack/runtime.rb:17:in `call'
  activesupport (3.2.8) lib/active_support/cache/strategy/local_cache.rb:72:in `call'
  rack (1.4.1) lib/rack/lock.rb:15:in `call'
  actionpack (3.2.8) lib/action_dispatch/middleware/static.rb:62:in `call'
  railties (3.2.8) lib/rails/engine.rb:479:in `call'
  railties (3.2.8) lib/rails/application.rb:223:in `call'
  railties (3.2.8) lib/rails/railtie/configurable.rb:30:in `method_missing'
  /Users/cdm/Library/Application Support/Pow/Versions/0.3.2/node_modules/nack/lib/nack/server.rb:146:in `handle'
  /Users/cdm/Library/Application Support/Pow/Versions/0.3.2/node_modules/nack/lib/nack/server.rb:99:in `rescue in block (2 levels) in start'
  /Users/cdm/Library/Application Support/Pow/Versions/0.3.2/node_modules/nack/lib/nack/server.rb:96:in `block (2 levels) in start'
  /Users/cdm/Library/Application Support/Pow/Versions/0.3.2/node_modules/nack/lib/nack/server.rb:86:in `each'
  /Users/cdm/Library/Application Support/Pow/Versions/0.3.2/node_modules/nack/lib/nack/server.rb:86:in `block in start'
  /Users/cdm/Library/Application Support/Pow/Versions/0.3.2/node_modules/nack/lib/nack/server.rb:66:in `loop'
  /Users/cdm/Library/Application Support/Pow/Versions/0.3.2/node_modules/nack/lib/nack/server.rb:66:in `start'
  /Users/cdm/Library/Application Support/Pow/Versions/0.3.2/node_modules/nack/lib/nack/server.rb:13:in `run'
  /Users/cdm/Library/Application Support/Pow/Versions/0.3.2/node_modules/nack/bin/nack_worker:4:in `<main>'


  Rendered /Users/cdm/.rvm/gems/ruby-1.9.3-p194@global/gems/actionpack-3.2.8/lib/action_dispatch/middleware/templates/rescues/_trace.erb (0.9ms)
  Rendered /Users/cdm/.rvm/gems/ruby-1.9.3-p194@global/gems/actionpack-3.2.8/lib/action_dispatch/middleware/templates/rescues/_request_and_response.erb (0.7ms)
  Rendered /Users/cdm/.rvm/gems/ruby-1.9.3-p194@global/gems/actionpack-3.2.8/lib/action_dispatch/middleware/templates/rescues/diagnostics.erb within rescues/layout (5.6ms)


Started GET "/auction" for 127.0.0.1 at 2012-11-02 13:55:06 -0500

ActionController::RoutingError (uninitialized constant KnbAuction::DashboardController):
  activesupport (3.2.8) lib/active_support/inflector/methods.rb:230:in `block in constantize'
  activesupport (3.2.8) lib/active_support/inflector/methods.rb:229:in `each'
  activesupport (3.2.8) lib/active_support/inflector/methods.rb:229:in `constantize'
  actionpack (3.2.8) lib/action_dispatch/routing/route_set.rb:69:in `controller_reference'
  actionpack (3.2.8) lib/action_dispatch/routing/route_set.rb:54:in `controller'
  actionpack (3.2.8) lib/action_dispatch/routing/route_set.rb:32:in `call'
  journey (1.0.4) lib/journey/router.rb:68:in `block in call'
  journey (1.0.4) lib/journey/router.rb:56:in `each'
  journey (1.0.4) lib/journey/router.rb:56:in `call'
  actionpack (3.2.8) lib/action_dispatch/routing/route_set.rb:600:in `call'
  railties (3.2.8) lib/rails/engine.rb:479:in `call'
  railties (3.2.8) lib/rails/railtie/configurable.rb:30:in `method_missing'
  journey (1.0.4) lib/journey/router.rb:68:in `block in call'
  journey (1.0.4) lib/journey/router.rb:56:in `each'
  journey (1.0.4) lib/journey/router.rb:56:in `call'
  actionpack (3.2.8) lib/action_dispatch/routing/route_set.rb:600:in `call'
  actionpack (3.2.8) lib/action_dispatch/middleware/best_standards_support.rb:17:in `call'
  rack (1.4.1) lib/rack/etag.rb:23:in `call'
  rack (1.4.1) lib/rack/conditionalget.rb:25:in `call'
  actionpack (3.2.8) lib/action_dispatch/middleware/head.rb:14:in `call'
  actionpack (3.2.8) lib/action_dispatch/middleware/params_parser.rb:21:in `call'
  actionpack (3.2.8) lib/action_dispatch/middleware/flash.rb:242:in `call'
  rack (1.4.1) lib/rack/session/abstract/id.rb:205:in `context'
  rack (1.4.1) lib/rack/session/abstract/id.rb:200:in `call'
  actionpack (3.2.8) lib/action_dispatch/middleware/cookies.rb:339:in `call'
  activerecord (3.2.8) lib/active_record/query_cache.rb:64:in `call'
  activerecord (3.2.8) lib/active_record/connection_adapters/abstract/connection_pool.rb:473:in `call'
  actionpack (3.2.8) lib/action_dispatch/middleware/callbacks.rb:28:in `block in call'
  activesupport (3.2.8) lib/active_support/callbacks.rb:405:in `_run__4170527017343558368__call__2164423337685941344__callbacks'
  activesupport (3.2.8) lib/active_support/callbacks.rb:405:in `__run_callback'
  activesupport (3.2.8) lib/active_support/callbacks.rb:385:in `_run_call_callbacks'
  activesupport (3.2.8) lib/active_support/callbacks.rb:81:in `run_callbacks'
  actionpack (3.2.8) lib/action_dispatch/middleware/callbacks.rb:27:in `call'
  actionpack (3.2.8) lib/action_dispatch/middleware/reloader.rb:65:in `call'
  actionpack (3.2.8) lib/action_dispatch/middleware/remote_ip.rb:31:in `call'
  actionpack (3.2.8) lib/action_dispatch/middleware/debug_exceptions.rb:16:in `call'
  actionpack (3.2.8) lib/action_dispatch/middleware/show_exceptions.rb:56:in `call'
  railties (3.2.8) lib/rails/rack/logger.rb:26:in `call_app'
  railties (3.2.8) lib/rails/rack/logger.rb:16:in `call'
  actionpack (3.2.8) lib/action_dispatch/middleware/request_id.rb:22:in `call'
  rack (1.4.1) lib/rack/methodoverride.rb:21:in `call'
  rack (1.4.1) lib/rack/runtime.rb:17:in `call'
  activesupport (3.2.8) lib/active_support/cache/strategy/local_cache.rb:72:in `call'
  rack (1.4.1) lib/rack/lock.rb:15:in `call'
  actionpack (3.2.8) lib/action_dispatch/middleware/static.rb:62:in `call'
  railties (3.2.8) lib/rails/engine.rb:479:in `call'
  railties (3.2.8) lib/rails/application.rb:223:in `call'
  railties (3.2.8) lib/rails/railtie/configurable.rb:30:in `method_missing'
  /Users/cdm/Library/Application Support/Pow/Versions/0.3.2/node_modules/nack/lib/nack/server.rb:146:in `handle'
  /Users/cdm/Library/Application Support/Pow/Versions/0.3.2/node_modules/nack/lib/nack/server.rb:99:in `rescue in block (2 levels) in start'
  /Users/cdm/Library/Application Support/Pow/Versions/0.3.2/node_modules/nack/lib/nack/server.rb:96:in `block (2 levels) in start'
  /Users/cdm/Library/Application Support/Pow/Versions/0.3.2/node_modules/nack/lib/nack/server.rb:86:in `each'
  /Users/cdm/Library/Application Support/Pow/Versions/0.3.2/node_modules/nack/lib/nack/server.rb:86:in `block in start'
  /Users/cdm/Library/Application Support/Pow/Versions/0.3.2/node_modules/nack/lib/nack/server.rb:66:in `loop'
  /Users/cdm/Library/Application Support/Pow/Versions/0.3.2/node_modules/nack/lib/nack/server.rb:66:in `start'
  /Users/cdm/Library/Application Support/Pow/Versions/0.3.2/node_modules/nack/lib/nack/server.rb:13:in `run'
  /Users/cdm/Library/Application Support/Pow/Versions/0.3.2/node_modules/nack/bin/nack_worker:4:in `<main>'


  Rendered /Users/cdm/.rvm/gems/ruby-1.9.3-p194@global/gems/actionpack-3.2.8/lib/action_dispatch/middleware/templates/rescues/routing_error.erb within rescues/layout (0.4ms)
